<?xml version="1.0" encoding="UTF-8"?>
<testsuite name="LibraryTest" tests="1" skipped="0" failures="0" errors="0" timestamp="2023-01-19T08:26:04" hostname="DESKTOP-6PN24AA" time="0.002">
  <properties/>
  <testcase name="testSomeLibraryMethod" classname="LibraryTest" time="0.002"/>
  <system-out><![CDATA[]]></system-out>
  <system-err><![CDATA[]]></system-err>
</testsuite>
